c:\users\hj249\downloads\shehzad\build\computer_graphics_coursework.dir\debug\shader.obj
c:\users\hj249\downloads\shehzad\build\computer_graphics_coursework.dir\debug\model.obj
c:\users\hj249\downloads\shehzad\build\computer_graphics_coursework.dir\debug\maths.obj
c:\users\hj249\downloads\shehzad\build\computer_graphics_coursework.dir\debug\coursework.obj
c:\users\hj249\downloads\shehzad\build\computer_graphics_coursework.dir\debug\light.obj
c:\users\hj249\downloads\shehzad\build\computer_graphics_coursework.dir\debug\camera.obj
c:\users\hj249\downloads\shehzad\build\computer_graphics_coursework.dir\debug\texture.obj
c:\users\hj249\downloads\shehzad\build\computer_graphics_coursework.dir\debug\vc143.pdb
c:\users\hj249\downloads\shehzad\build\cmakefiles\generate.stamp
c:\users\hj249\downloads\shehzad\build\debug\computer_graphics_coursework.exe
c:\users\hj249\downloads\shehzad\build\debug\computer_graphics_coursework.pdb
c:\users\hj249\downloads\shehzad\build\computer_graphics_coursework.dir\debug\computer_graphics_coursework.ilk
c:\users\hj249\downloads\shehzad\build\computer_graphics_coursework.dir\debug\computer.dee68d14.tlog\cl.10428.write.1.tlog
c:\users\hj249\downloads\shehzad\build\computer_graphics_coursework.dir\debug\computer.dee68d14.tlog\cl.command.1.tlog
c:\users\hj249\downloads\shehzad\build\computer_graphics_coursework.dir\debug\computer.dee68d14.tlog\cl.items.tlog
c:\users\hj249\downloads\shehzad\build\computer_graphics_coursework.dir\debug\computer.dee68d14.tlog\cl.read.1.tlog
c:\users\hj249\downloads\shehzad\build\computer_graphics_coursework.dir\debug\computer.dee68d14.tlog\custombuild.command.1.tlog
c:\users\hj249\downloads\shehzad\build\computer_graphics_coursework.dir\debug\computer.dee68d14.tlog\custombuild.read.1.tlog
c:\users\hj249\downloads\shehzad\build\computer_graphics_coursework.dir\debug\computer.dee68d14.tlog\custombuild.write.1.tlog
c:\users\hj249\downloads\shehzad\build\computer_graphics_coursework.dir\debug\computer.dee68d14.tlog\link.command.1.tlog
c:\users\hj249\downloads\shehzad\build\computer_graphics_coursework.dir\debug\computer.dee68d14.tlog\link.read.1.tlog
c:\users\hj249\downloads\shehzad\build\computer_graphics_coursework.dir\debug\computer.dee68d14.tlog\link.secondary.1.tlog
c:\users\hj249\downloads\shehzad\build\computer_graphics_coursework.dir\debug\computer.dee68d14.tlog\link.write.1.tlog
